[12-Oct-2021 09:46:49 UTC] PHP Parse error:  syntax error, unexpected ')' in C:\Users\laraw\Local Sites\aodemo\app\public\wp-content\themes\twentytwentyone-childtheme-AO DEMO THEME\functions.php on line 1
[12-Oct-2021 09:46:49 UTC] PHP Parse error:  syntax error, unexpected ')' in C:\Users\laraw\Local Sites\aodemo\app\public\wp-content\themes\twentytwentyone-childtheme-AO DEMO THEME\functions.php on line 1
[12-Oct-2021 12:26:01 UTC] PHP Parse error:  syntax error, unexpected '<', expecting end of file in C:\Users\laraw\Local Sites\aodemo\app\public\wp-content\themes\twentytwentyone-childtheme-AO DEMO THEME\index.php on line 19
[12-Oct-2021 12:26:16 UTC] PHP Parse error:  syntax error, unexpected '<', expecting end of file in C:\Users\laraw\Local Sites\aodemo\app\public\wp-content\themes\twentytwentyone-childtheme-AO DEMO THEME\index.php on line 19
[12-Oct-2021 12:26:47 UTC] PHP Parse error:  syntax error, unexpected '<', expecting end of file in C:\Users\laraw\Local Sites\aodemo\app\public\wp-content\themes\twentytwentyone-childtheme-AO DEMO THEME\index.php on line 19
[12-Oct-2021 12:48:31 UTC] PHP Parse error:  syntax error, unexpected '<', expecting end of file in C:\Users\laraw\Local Sites\aodemo\app\public\wp-content\plugins\PhotoImportDemoPlugin\demo-plugin.php on line 11
[12-Oct-2021 12:48:31 UTC] PHP Parse error:  syntax error, unexpected '<', expecting end of file in C:\Users\laraw\Local Sites\aodemo\app\public\wp-content\plugins\PhotoImportDemoPlugin\demo-plugin.php on line 11
[12-Oct-2021 12:48:31 UTC] PHP Parse error:  syntax error, unexpected '<', expecting end of file in C:\Users\laraw\Local Sites\aodemo\app\public\wp-content\plugins\PhotoImportDemoPlugin\demo-plugin.php on line 11
[12-Oct-2021 12:48:56 UTC] PHP Parse error:  syntax error, unexpected '<', expecting end of file in C:\Users\laraw\Local Sites\aodemo\app\public\wp-content\plugins\PhotoImportDemoPlugin\demo-plugin.php on line 11
[12-Oct-2021 12:48:57 UTC] PHP Parse error:  syntax error, unexpected '<', expecting end of file in C:\Users\laraw\Local Sites\aodemo\app\public\wp-content\plugins\PhotoImportDemoPlugin\demo-plugin.php on line 11
[12-Oct-2021 12:48:57 UTC] PHP Parse error:  syntax error, unexpected '<', expecting end of file in C:\Users\laraw\Local Sites\aodemo\app\public\wp-content\plugins\PhotoImportDemoPlugin\demo-plugin.php on line 11
[12-Oct-2021 13:35:57 UTC] PHP Parse error:  syntax error, unexpected '<', expecting end of file in C:\Users\laraw\Local Sites\aodemo\app\public\wp-content\plugins\PhotoImportDemoPlugin\demo-plugin.php on line 12
[12-Oct-2021 13:58:32 UTC] PHP Notice:  Trying to get property 'data' of non-object in C:\Users\laraw\Local Sites\aodemo\app\public\wp-content\plugins\PhotoImportDemoPlugin\demo-plugin.php on line 29
[12-Oct-2021 13:58:32 UTC] PHP Stack trace:
[12-Oct-2021 13:58:32 UTC] PHP   1. {main}() C:\Users\laraw\Local Sites\aodemo\app\public\wp-content\plugins\PhotoImportDemoPlugin\demo-plugin.php:0
[12-Oct-2021 13:58:32 UTC] PHP Warning:  array_slice() expects parameter 1 to be array, null given in C:\Users\laraw\Local Sites\aodemo\app\public\wp-content\plugins\PhotoImportDemoPlugin\demo-plugin.php on line 32
[12-Oct-2021 13:58:32 UTC] PHP Stack trace:
[12-Oct-2021 13:58:32 UTC] PHP   1. {main}() C:\Users\laraw\Local Sites\aodemo\app\public\wp-content\plugins\PhotoImportDemoPlugin\demo-plugin.php:0
[12-Oct-2021 13:58:32 UTC] PHP   2. array_slice() C:\Users\laraw\Local Sites\aodemo\app\public\wp-content\plugins\PhotoImportDemoPlugin\demo-plugin.php:32
[12-Oct-2021 13:58:32 UTC] PHP Warning:  Invalid argument supplied for foreach() in C:\Users\laraw\Local Sites\aodemo\app\public\wp-content\plugins\PhotoImportDemoPlugin\demo-plugin.php on line 38
[12-Oct-2021 13:58:32 UTC] PHP Stack trace:
[12-Oct-2021 13:58:32 UTC] PHP   1. {main}() C:\Users\laraw\Local Sites\aodemo\app\public\wp-content\plugins\PhotoImportDemoPlugin\demo-plugin.php:0
[12-Oct-2021 13:59:30 UTC] PHP Notice:  Trying to get property 'data' of non-object in C:\Users\laraw\Local Sites\aodemo\app\public\wp-content\plugins\PhotoImportDemoPlugin\demo-plugin.php on line 29
[12-Oct-2021 13:59:30 UTC] PHP Stack trace:
[12-Oct-2021 13:59:30 UTC] PHP   1. {main}() C:\Users\laraw\Local Sites\aodemo\app\public\wp-content\plugins\PhotoImportDemoPlugin\demo-plugin.php:0
[12-Oct-2021 13:59:30 UTC] PHP Warning:  array_slice() expects parameter 1 to be array, null given in C:\Users\laraw\Local Sites\aodemo\app\public\wp-content\plugins\PhotoImportDemoPlugin\demo-plugin.php on line 32
[12-Oct-2021 13:59:30 UTC] PHP Stack trace:
[12-Oct-2021 13:59:30 UTC] PHP   1. {main}() C:\Users\laraw\Local Sites\aodemo\app\public\wp-content\plugins\PhotoImportDemoPlugin\demo-plugin.php:0
[12-Oct-2021 13:59:30 UTC] PHP   2. array_slice() C:\Users\laraw\Local Sites\aodemo\app\public\wp-content\plugins\PhotoImportDemoPlugin\demo-plugin.php:32
[12-Oct-2021 13:59:30 UTC] PHP Warning:  Invalid argument supplied for foreach() in C:\Users\laraw\Local Sites\aodemo\app\public\wp-content\plugins\PhotoImportDemoPlugin\demo-plugin.php on line 38
[12-Oct-2021 13:59:30 UTC] PHP Stack trace:
[12-Oct-2021 13:59:30 UTC] PHP   1. {main}() C:\Users\laraw\Local Sites\aodemo\app\public\wp-content\plugins\PhotoImportDemoPlugin\demo-plugin.php:0
[12-Oct-2021 14:00:03 UTC] PHP Notice:  Trying to get property 'data' of non-object in C:\Users\laraw\Local Sites\aodemo\app\public\wp-content\plugins\PhotoImportDemoPlugin\demo-plugin.php on line 29
[12-Oct-2021 14:00:03 UTC] PHP Stack trace:
[12-Oct-2021 14:00:03 UTC] PHP   1. {main}() C:\Users\laraw\Local Sites\aodemo\app\public\wp-content\plugins\PhotoImportDemoPlugin\demo-plugin.php:0
[12-Oct-2021 14:00:03 UTC] PHP Warning:  array_slice() expects parameter 1 to be array, null given in C:\Users\laraw\Local Sites\aodemo\app\public\wp-content\plugins\PhotoImportDemoPlugin\demo-plugin.php on line 32
[12-Oct-2021 14:00:03 UTC] PHP Stack trace:
[12-Oct-2021 14:00:03 UTC] PHP   1. {main}() C:\Users\laraw\Local Sites\aodemo\app\public\wp-content\plugins\PhotoImportDemoPlugin\demo-plugin.php:0
[12-Oct-2021 14:00:03 UTC] PHP   2. array_slice() C:\Users\laraw\Local Sites\aodemo\app\public\wp-content\plugins\PhotoImportDemoPlugin\demo-plugin.php:32
[12-Oct-2021 14:00:03 UTC] PHP Warning:  Invalid argument supplied for foreach() in C:\Users\laraw\Local Sites\aodemo\app\public\wp-content\plugins\PhotoImportDemoPlugin\demo-plugin.php on line 38
[12-Oct-2021 14:00:03 UTC] PHP Stack trace:
[12-Oct-2021 14:00:03 UTC] PHP   1. {main}() C:\Users\laraw\Local Sites\aodemo\app\public\wp-content\plugins\PhotoImportDemoPlugin\demo-plugin.php:0
[12-Oct-2021 14:00:12 UTC] PHP Warning:  array_slice() expects parameter 1 to be array, null given in C:\Users\laraw\Local Sites\aodemo\app\public\wp-content\plugins\PhotoImportDemoPlugin\demo-plugin.php on line 32
[12-Oct-2021 14:00:12 UTC] PHP Stack trace:
[12-Oct-2021 14:00:12 UTC] PHP   1. {main}() C:\Users\laraw\Local Sites\aodemo\app\public\wp-admin\plugins.php:0
[12-Oct-2021 14:00:12 UTC] PHP   2. activate_plugin() C:\Users\laraw\Local Sites\aodemo\app\public\wp-admin\plugins.php:58
[12-Oct-2021 14:00:12 UTC] PHP   3. plugin_sandbox_scrape() C:\Users\laraw\Local Sites\aodemo\app\public\wp-admin\includes\plugin.php:668
[12-Oct-2021 14:00:12 UTC] PHP   4. include_once() C:\Users\laraw\Local Sites\aodemo\app\public\wp-admin\includes\plugin.php:2286
[12-Oct-2021 14:00:12 UTC] PHP   5. array_slice() C:\Users\laraw\Local Sites\aodemo\app\public\wp-content\plugins\PhotoImportDemoPlugin\demo-plugin.php:32
[12-Oct-2021 14:00:12 UTC] PHP Warning:  Invalid argument supplied for foreach() in C:\Users\laraw\Local Sites\aodemo\app\public\wp-content\plugins\PhotoImportDemoPlugin\demo-plugin.php on line 38
[12-Oct-2021 14:00:12 UTC] PHP Stack trace:
[12-Oct-2021 14:00:12 UTC] PHP   1. {main}() C:\Users\laraw\Local Sites\aodemo\app\public\wp-admin\plugins.php:0
[12-Oct-2021 14:00:12 UTC] PHP   2. activate_plugin() C:\Users\laraw\Local Sites\aodemo\app\public\wp-admin\plugins.php:58
[12-Oct-2021 14:00:12 UTC] PHP   3. plugin_sandbox_scrape() C:\Users\laraw\Local Sites\aodemo\app\public\wp-admin\includes\plugin.php:668
[12-Oct-2021 14:00:12 UTC] PHP   4. include_once() C:\Users\laraw\Local Sites\aodemo\app\public\wp-admin\includes\plugin.php:2286
[12-Oct-2021 14:00:12 UTC] PHP Warning:  array_slice() expects parameter 1 to be array, null given in C:\Users\laraw\Local Sites\aodemo\app\public\wp-content\plugins\PhotoImportDemoPlugin\demo-plugin.php on line 32
[12-Oct-2021 14:00:12 UTC] PHP Stack trace:
[12-Oct-2021 14:00:12 UTC] PHP   1. {main}() C:\Users\laraw\Local Sites\aodemo\app\public\wp-admin\plugins.php:0
[12-Oct-2021 14:00:12 UTC] PHP   2. require_once() C:\Users\laraw\Local Sites\aodemo\app\public\wp-admin\plugins.php:10
[12-Oct-2021 14:00:12 UTC] PHP   3. require_once() C:\Users\laraw\Local Sites\aodemo\app\public\wp-admin\admin.php:34
[12-Oct-2021 14:00:12 UTC] PHP   4. require_once() C:\Users\laraw\Local Sites\aodemo\app\public\wp-load.php:50
[12-Oct-2021 14:00:12 UTC] PHP   5. require_once() C:\Users\laraw\Local Sites\aodemo\app\public\wp-config.php:77
[12-Oct-2021 14:00:12 UTC] PHP   6. include_once() C:\Users\laraw\Local Sites\aodemo\app\public\wp-settings.php:409
[12-Oct-2021 14:00:12 UTC] PHP   7. array_slice() C:\Users\laraw\Local Sites\aodemo\app\public\wp-content\plugins\PhotoImportDemoPlugin\demo-plugin.php:32
[12-Oct-2021 14:00:12 UTC] PHP Warning:  Invalid argument supplied for foreach() in C:\Users\laraw\Local Sites\aodemo\app\public\wp-content\plugins\PhotoImportDemoPlugin\demo-plugin.php on line 38
[12-Oct-2021 14:00:12 UTC] PHP Stack trace:
[12-Oct-2021 14:00:12 UTC] PHP   1. {main}() C:\Users\laraw\Local Sites\aodemo\app\public\wp-admin\plugins.php:0
[12-Oct-2021 14:00:12 UTC] PHP   2. require_once() C:\Users\laraw\Local Sites\aodemo\app\public\wp-admin\plugins.php:10
[12-Oct-2021 14:00:12 UTC] PHP   3. require_once() C:\Users\laraw\Local Sites\aodemo\app\public\wp-admin\admin.php:34
[12-Oct-2021 14:00:12 UTC] PHP   4. require_once() C:\Users\laraw\Local Sites\aodemo\app\public\wp-load.php:50
[12-Oct-2021 14:00:12 UTC] PHP   5. require_once() C:\Users\laraw\Local Sites\aodemo\app\public\wp-config.php:77
[12-Oct-2021 14:00:12 UTC] PHP   6. include_once() C:\Users\laraw\Local Sites\aodemo\app\public\wp-settings.php:409
[12-Oct-2021 14:00:12 UTC] PHP Warning:  Cannot modify header information - headers already sent by (output started at C:\Users\laraw\Local Sites\aodemo\app\public\wp-content\plugins\PhotoImportDemoPlugin\demo-plugin.php:38) in C:\Users\laraw\Local Sites\aodemo\app\public\wp-includes\functions.php on line 6712
[12-Oct-2021 14:00:12 UTC] PHP Stack trace:
[12-Oct-2021 14:00:12 UTC] PHP   1. {main}() C:\Users\laraw\Local Sites\aodemo\app\public\wp-admin\plugins.php:0
[12-Oct-2021 14:00:12 UTC] PHP   2. require_once() C:\Users\laraw\Local Sites\aodemo\app\public\wp-admin\plugins.php:10
[12-Oct-2021 14:00:12 UTC] PHP   3. do_action() C:\Users\laraw\Local Sites\aodemo\app\public\wp-admin\admin.php:175
[12-Oct-2021 14:00:12 UTC] PHP   4. WP_Hook->do_action() C:\Users\laraw\Local Sites\aodemo\app\public\wp-includes\plugin.php:470
[12-Oct-2021 14:00:12 UTC] PHP   5. WP_Hook->apply_filters() C:\Users\laraw\Local Sites\aodemo\app\public\wp-includes\class-wp-hook.php:327
[12-Oct-2021 14:00:12 UTC] PHP   6. send_frame_options_header() C:\Users\laraw\Local Sites\aodemo\app\public\wp-includes\class-wp-hook.php:301
[12-Oct-2021 14:00:12 UTC] PHP   7. header() C:\Users\laraw\Local Sites\aodemo\app\public\wp-includes\functions.php:6712
[12-Oct-2021 14:00:12 UTC] PHP Warning:  Cannot modify header information - headers already sent by (output started at C:\Users\laraw\Local Sites\aodemo\app\public\wp-content\plugins\PhotoImportDemoPlugin\demo-plugin.php:38) in C:\Users\laraw\Local Sites\aodemo\app\public\wp-admin\includes\misc.php on line 1310
[12-Oct-2021 14:00:12 UTC] PHP Stack trace:
[12-Oct-2021 14:00:12 UTC] PHP   1. {main}() C:\Users\laraw\Local Sites\aodemo\app\public\wp-admin\plugins.php:0
[12-Oct-2021 14:00:12 UTC] PHP   2. require_once() C:\Users\laraw\Local Sites\aodemo\app\public\wp-admin\plugins.php:10
[12-Oct-2021 14:00:12 UTC] PHP   3. do_action() C:\Users\laraw\Local Sites\aodemo\app\public\wp-admin\admin.php:175
[12-Oct-2021 14:00:12 UTC] PHP   4. WP_Hook->do_action() C:\Users\laraw\Local Sites\aodemo\app\public\wp-includes\plugin.php:470
[12-Oct-2021 14:00:12 UTC] PHP   5. WP_Hook->apply_filters() C:\Users\laraw\Local Sites\aodemo\app\public\wp-includes\class-wp-hook.php:327
[12-Oct-2021 14:00:12 UTC] PHP   6. wp_admin_headers() C:\Users\laraw\Local Sites\aodemo\app\public\wp-includes\class-wp-hook.php:303
[12-Oct-2021 14:00:12 UTC] PHP   7. header() C:\Users\laraw\Local Sites\aodemo\app\public\wp-admin\includes\misc.php:1310
[12-Oct-2021 14:00:12 UTC] PHP Warning:  Cannot modify header information - headers already sent by (output started at C:\Users\laraw\Local Sites\aodemo\app\public\wp-content\plugins\PhotoImportDemoPlugin\demo-plugin.php:38) in C:\Users\laraw\Local Sites\aodemo\app\public\wp-admin\admin-header.php on line 9
[12-Oct-2021 14:00:12 UTC] PHP Stack trace:
[12-Oct-2021 14:00:12 UTC] PHP   1. {main}() C:\Users\laraw\Local Sites\aodemo\app\public\wp-admin\plugins.php:0
[12-Oct-2021 14:00:12 UTC] PHP   2. require_once() C:\Users\laraw\Local Sites\aodemo\app\public\wp-admin\plugins.php:603
[12-Oct-2021 14:00:12 UTC] PHP   3. header() C:\Users\laraw\Local Sites\aodemo\app\public\wp-admin\admin-header.php:9
[12-Oct-2021 14:00:12 UTC] PHP Warning:  Cannot modify header information - headers already sent by (output started at C:\Users\laraw\Local Sites\aodemo\app\public\wp-content\plugins\PhotoImportDemoPlugin\demo-plugin.php:38) in C:\Users\laraw\Local Sites\aodemo\app\public\wp-includes\option.php on line 1097
[12-Oct-2021 14:00:12 UTC] PHP Stack trace:
[12-Oct-2021 14:00:12 UTC] PHP   1. {main}() C:\Users\laraw\Local Sites\aodemo\app\public\wp-admin\plugins.php:0
[12-Oct-2021 14:00:12 UTC] PHP   2. require_once() C:\Users\laraw\Local Sites\aodemo\app\public\wp-admin\plugins.php:603
[12-Oct-2021 14:00:12 UTC] PHP   3. wp_user_settings() C:\Users\laraw\Local Sites\aodemo\app\public\wp-admin\admin-header.php:70
[12-Oct-2021 14:00:12 UTC] PHP   4. setcookie() C:\Users\laraw\Local Sites\aodemo\app\public\wp-includes\option.php:1097
[12-Oct-2021 14:00:12 UTC] PHP Warning:  Cannot modify header information - headers already sent by (output started at C:\Users\laraw\Local Sites\aodemo\app\public\wp-content\plugins\PhotoImportDemoPlugin\demo-plugin.php:38) in C:\Users\laraw\Local Sites\aodemo\app\public\wp-includes\option.php on line 1098
[12-Oct-2021 14:00:12 UTC] PHP Stack trace:
[12-Oct-2021 14:00:12 UTC] PHP   1. {main}() C:\Users\laraw\Local Sites\aodemo\app\public\wp-admin\plugins.php:0
[12-Oct-2021 14:00:12 UTC] PHP   2. require_once() C:\Users\laraw\Local Sites\aodemo\app\public\wp-admin\plugins.php:603
[12-Oct-2021 14:00:12 UTC] PHP   3. wp_user_settings() C:\Users\laraw\Local Sites\aodemo\app\public\wp-admin\admin-header.php:70
[12-Oct-2021 14:00:12 UTC] PHP   4. setcookie() C:\Users\laraw\Local Sites\aodemo\app\public\wp-includes\option.php:1098
[12-Oct-2021 14:00:12 UTC] PHP Warning:  array_slice() expects parameter 1 to be array, null given in C:\Users\laraw\Local Sites\aodemo\app\public\wp-content\plugins\PhotoImportDemoPlugin\demo-plugin.php on line 32
[12-Oct-2021 14:00:12 UTC] PHP Stack trace:
[12-Oct-2021 14:00:12 UTC] PHP   1. {main}() C:\Users\laraw\Local Sites\aodemo\app\public\index.php:0
[12-Oct-2021 14:00:12 UTC] PHP   2. require() C:\Users\laraw\Local Sites\aodemo\app\public\index.php:17
[12-Oct-2021 14:00:12 UTC] PHP   3. require_once() C:\Users\laraw\Local Sites\aodemo\app\public\wp-blog-header.php:13
[12-Oct-2021 14:00:12 UTC] PHP   4. require_once() C:\Users\laraw\Local Sites\aodemo\app\public\wp-load.php:50
[12-Oct-2021 14:00:12 UTC] PHP   5. require_once() C:\Users\laraw\Local Sites\aodemo\app\public\wp-config.php:77
[12-Oct-2021 14:00:12 UTC] PHP   6. include_once() C:\Users\laraw\Local Sites\aodemo\app\public\wp-settings.php:409
[12-Oct-2021 14:00:12 UTC] PHP   7. array_slice() C:\Users\laraw\Local Sites\aodemo\app\public\wp-content\plugins\PhotoImportDemoPlugin\demo-plugin.php:32
[12-Oct-2021 14:00:12 UTC] PHP Warning:  Invalid argument supplied for foreach() in C:\Users\laraw\Local Sites\aodemo\app\public\wp-content\plugins\PhotoImportDemoPlugin\demo-plugin.php on line 38
[12-Oct-2021 14:00:12 UTC] PHP Stack trace:
[12-Oct-2021 14:00:12 UTC] PHP   1. {main}() C:\Users\laraw\Local Sites\aodemo\app\public\index.php:0
[12-Oct-2021 14:00:12 UTC] PHP   2. require() C:\Users\laraw\Local Sites\aodemo\app\public\index.php:17
[12-Oct-2021 14:00:12 UTC] PHP   3. require_once() C:\Users\laraw\Local Sites\aodemo\app\public\wp-blog-header.php:13
[12-Oct-2021 14:00:12 UTC] PHP   4. require_once() C:\Users\laraw\Local Sites\aodemo\app\public\wp-load.php:50
[12-Oct-2021 14:00:12 UTC] PHP   5. require_once() C:\Users\laraw\Local Sites\aodemo\app\public\wp-config.php:77
[12-Oct-2021 14:00:12 UTC] PHP   6. include_once() C:\Users\laraw\Local Sites\aodemo\app\public\wp-settings.php:409
[12-Oct-2021 14:00:12 UTC] PHP Warning:  array_slice() expects parameter 1 to be array, null given in C:\Users\laraw\Local Sites\aodemo\app\public\wp-content\plugins\PhotoImportDemoPlugin\demo-plugin.php on line 32
[12-Oct-2021 14:00:12 UTC] PHP Stack trace:
[12-Oct-2021 14:00:12 UTC] PHP   1. {main}() C:\Users\laraw\Local Sites\aodemo\app\public\index.php:0
[12-Oct-2021 14:00:12 UTC] PHP   2. require() C:\Users\laraw\Local Sites\aodemo\app\public\index.php:17
[12-Oct-2021 14:00:12 UTC] PHP   3. require_once() C:\Users\laraw\Local Sites\aodemo\app\public\wp-blog-header.php:13
[12-Oct-2021 14:00:12 UTC] PHP   4. require_once() C:\Users\laraw\Local Sites\aodemo\app\public\wp-load.php:50
[12-Oct-2021 14:00:12 UTC] PHP   5. require_once() C:\Users\laraw\Local Sites\aodemo\app\public\wp-config.php:77
[12-Oct-2021 14:00:12 UTC] PHP   6. include_once() C:\Users\laraw\Local Sites\aodemo\app\public\wp-settings.php:409
[12-Oct-2021 14:00:12 UTC] PHP   7. array_slice() C:\Users\laraw\Local Sites\aodemo\app\public\wp-content\plugins\PhotoImportDemoPlugin\demo-plugin.php:32
[12-Oct-2021 14:00:12 UTC] PHP Warning:  Invalid argument supplied for foreach() in C:\Users\laraw\Local Sites\aodemo\app\public\wp-content\plugins\PhotoImportDemoPlugin\demo-plugin.php on line 38
[12-Oct-2021 14:00:12 UTC] PHP Stack trace:
[12-Oct-2021 14:00:12 UTC] PHP   1. {main}() C:\Users\laraw\Local Sites\aodemo\app\public\index.php:0
[12-Oct-2021 14:00:12 UTC] PHP   2. require() C:\Users\laraw\Local Sites\aodemo\app\public\index.php:17
[12-Oct-2021 14:00:12 UTC] PHP   3. require_once() C:\Users\laraw\Local Sites\aodemo\app\public\wp-blog-header.php:13
[12-Oct-2021 14:00:12 UTC] PHP   4. require_once() C:\Users\laraw\Local Sites\aodemo\app\public\wp-load.php:50
[12-Oct-2021 14:00:12 UTC] PHP   5. require_once() C:\Users\laraw\Local Sites\aodemo\app\public\wp-config.php:77
[12-Oct-2021 14:00:12 UTC] PHP   6. include_once() C:\Users\laraw\Local Sites\aodemo\app\public\wp-settings.php:409
[12-Oct-2021 14:00:24 UTC] PHP Notice:  Trying to get property 'data' of non-object in C:\Users\laraw\Local Sites\aodemo\app\public\wp-content\plugins\PhotoImportDemoPlugin\demo-plugin.php on line 29
[12-Oct-2021 14:00:24 UTC] PHP Stack trace:
[12-Oct-2021 14:00:24 UTC] PHP   1. {main}() C:\Users\laraw\Local Sites\aodemo\app\public\wp-content\plugins\PhotoImportDemoPlugin\demo-plugin.php:0
[12-Oct-2021 14:00:24 UTC] PHP Warning:  array_slice() expects parameter 1 to be array, null given in C:\Users\laraw\Local Sites\aodemo\app\public\wp-content\plugins\PhotoImportDemoPlugin\demo-plugin.php on line 32
[12-Oct-2021 14:00:24 UTC] PHP Stack trace:
[12-Oct-2021 14:00:24 UTC] PHP   1. {main}() C:\Users\laraw\Local Sites\aodemo\app\public\wp-content\plugins\PhotoImportDemoPlugin\demo-plugin.php:0
[12-Oct-2021 14:00:24 UTC] PHP   2. array_slice() C:\Users\laraw\Local Sites\aodemo\app\public\wp-content\plugins\PhotoImportDemoPlugin\demo-plugin.php:32
[12-Oct-2021 14:00:24 UTC] PHP Warning:  Invalid argument supplied for foreach() in C:\Users\laraw\Local Sites\aodemo\app\public\wp-content\plugins\PhotoImportDemoPlugin\demo-plugin.php on line 38
[12-Oct-2021 14:00:24 UTC] PHP Stack trace:
[12-Oct-2021 14:00:24 UTC] PHP   1. {main}() C:\Users\laraw\Local Sites\aodemo\app\public\wp-content\plugins\PhotoImportDemoPlugin\demo-plugin.php:0
[12-Oct-2021 14:00:24 UTC] PHP Warning:  array_slice() expects parameter 1 to be array, null given in C:\Users\laraw\Local Sites\aodemo\app\public\wp-content\plugins\PhotoImportDemoPlugin\demo-plugin.php on line 32
[12-Oct-2021 14:00:24 UTC] PHP Stack trace:
[12-Oct-2021 14:00:24 UTC] PHP   1. {main}() C:\Users\laraw\Local Sites\aodemo\app\public\index.php:0
[12-Oct-2021 14:00:24 UTC] PHP   2. require() C:\Users\laraw\Local Sites\aodemo\app\public\index.php:17
[12-Oct-2021 14:00:24 UTC] PHP   3. require_once() C:\Users\laraw\Local Sites\aodemo\app\public\wp-blog-header.php:13
[12-Oct-2021 14:00:24 UTC] PHP   4. require_once() C:\Users\laraw\Local Sites\aodemo\app\public\wp-load.php:50
[12-Oct-2021 14:00:24 UTC] PHP   5. require_once() C:\Users\laraw\Local Sites\aodemo\app\public\wp-config.php:77
[12-Oct-2021 14:00:24 UTC] PHP   6. include_once() C:\Users\laraw\Local Sites\aodemo\app\public\wp-settings.php:409
[12-Oct-2021 14:00:24 UTC] PHP   7. array_slice() C:\Users\laraw\Local Sites\aodemo\app\public\wp-content\plugins\PhotoImportDemoPlugin\demo-plugin.php:32
[12-Oct-2021 14:00:24 UTC] PHP Warning:  Invalid argument supplied for foreach() in C:\Users\laraw\Local Sites\aodemo\app\public\wp-content\plugins\PhotoImportDemoPlugin\demo-plugin.php on line 38
[12-Oct-2021 14:00:24 UTC] PHP Stack trace:
[12-Oct-2021 14:00:24 UTC] PHP   1. {main}() C:\Users\laraw\Local Sites\aodemo\app\public\index.php:0
[12-Oct-2021 14:00:24 UTC] PHP   2. require() C:\Users\laraw\Local Sites\aodemo\app\public\index.php:17
[12-Oct-2021 14:00:24 UTC] PHP   3. require_once() C:\Users\laraw\Local Sites\aodemo\app\public\wp-blog-header.php:13
[12-Oct-2021 14:00:24 UTC] PHP   4. require_once() C:\Users\laraw\Local Sites\aodemo\app\public\wp-load.php:50
[12-Oct-2021 14:00:24 UTC] PHP   5. require_once() C:\Users\laraw\Local Sites\aodemo\app\public\wp-config.php:77
[12-Oct-2021 14:00:24 UTC] PHP   6. include_once() C:\Users\laraw\Local Sites\aodemo\app\public\wp-settings.php:409
[12-Oct-2021 14:00:24 UTC] PHP Warning:  Cannot modify header information - headers already sent by (output started at C:\Users\laraw\Local Sites\aodemo\app\public\wp-content\plugins\PhotoImportDemoPlugin\demo-plugin.php:38) in C:\Users\laraw\Local Sites\aodemo\app\public\wp-includes\pluggable.php on line 1340
[12-Oct-2021 14:00:24 UTC] PHP Stack trace:
[12-Oct-2021 14:00:24 UTC] PHP   1. {main}() C:\Users\laraw\Local Sites\aodemo\app\public\index.php:0
[12-Oct-2021 14:00:24 UTC] PHP   2. require() C:\Users\laraw\Local Sites\aodemo\app\public\index.php:17
[12-Oct-2021 14:00:24 UTC] PHP   3. require_once() C:\Users\laraw\Local Sites\aodemo\app\public\wp-blog-header.php:19
[12-Oct-2021 14:00:24 UTC] PHP   4. do_action() C:\Users\laraw\Local Sites\aodemo\app\public\wp-includes\template-loader.php:45
[12-Oct-2021 14:00:24 UTC] PHP   5. WP_Hook->do_action() C:\Users\laraw\Local Sites\aodemo\app\public\wp-includes\plugin.php:470
[12-Oct-2021 14:00:24 UTC] PHP   6. WP_Hook->apply_filters() C:\Users\laraw\Local Sites\aodemo\app\public\wp-includes\class-wp-hook.php:327
[12-Oct-2021 14:00:24 UTC] PHP   7. do_favicon() C:\Users\laraw\Local Sites\aodemo\app\public\wp-includes\class-wp-hook.php:303
[12-Oct-2021 14:00:24 UTC] PHP   8. wp_redirect() C:\Users\laraw\Local Sites\aodemo\app\public\wp-includes\functions.php:1694
[12-Oct-2021 14:00:24 UTC] PHP   9. header() C:\Users\laraw\Local Sites\aodemo\app\public\wp-includes\pluggable.php:1340
[12-Oct-2021 14:00:24 UTC] PHP Warning:  Cannot modify header information - headers already sent by (output started at C:\Users\laraw\Local Sites\aodemo\app\public\wp-content\plugins\PhotoImportDemoPlugin\demo-plugin.php:38) in C:\Users\laraw\Local Sites\aodemo\app\public\wp-includes\pluggable.php on line 1343
[12-Oct-2021 14:00:24 UTC] PHP Stack trace:
[12-Oct-2021 14:00:24 UTC] PHP   1. {main}() C:\Users\laraw\Local Sites\aodemo\app\public\index.php:0
[12-Oct-2021 14:00:24 UTC] PHP   2. require() C:\Users\laraw\Local Sites\aodemo\app\public\index.php:17
[12-Oct-2021 14:00:24 UTC] PHP   3. require_once() C:\Users\laraw\Local Sites\aodemo\app\public\wp-blog-header.php:19
[12-Oct-2021 14:00:24 UTC] PHP   4. do_action() C:\Users\laraw\Local Sites\aodemo\app\public\wp-includes\template-loader.php:45
[12-Oct-2021 14:00:24 UTC] PHP   5. WP_Hook->do_action() C:\Users\laraw\Local Sites\aodemo\app\public\wp-includes\plugin.php:470
[12-Oct-2021 14:00:24 UTC] PHP   6. WP_Hook->apply_filters() C:\Users\laraw\Local Sites\aodemo\app\public\wp-includes\class-wp-hook.php:327
[12-Oct-2021 14:00:24 UTC] PHP   7. do_favicon() C:\Users\laraw\Local Sites\aodemo\app\public\wp-includes\class-wp-hook.php:303
[12-Oct-2021 14:00:24 UTC] PHP   8. wp_redirect() C:\Users\laraw\Local Sites\aodemo\app\public\wp-includes\functions.php:1694
[12-Oct-2021 14:00:24 UTC] PHP   9. header() C:\Users\laraw\Local Sites\aodemo\app\public\wp-includes\pluggable.php:1343
[12-Oct-2021 14:00:51 UTC] PHP Warning:  array_slice() expects parameter 1 to be array, null given in C:\Users\laraw\Local Sites\aodemo\app\public\wp-content\plugins\PhotoImportDemoPlugin\demo-plugin.php on line 32
[12-Oct-2021 14:00:51 UTC] PHP Stack trace:
[12-Oct-2021 14:00:51 UTC] PHP   1. {main}() C:\Users\laraw\Local Sites\aodemo\app\public\wp-admin\plugins.php:0
[12-Oct-2021 14:00:51 UTC] PHP   2. require_once() C:\Users\laraw\Local Sites\aodemo\app\public\wp-admin\plugins.php:10
[12-Oct-2021 14:00:51 UTC] PHP   3. require_once() C:\Users\laraw\Local Sites\aodemo\app\public\wp-admin\admin.php:34
[12-Oct-2021 14:00:51 UTC] PHP   4. require_once() C:\Users\laraw\Local Sites\aodemo\app\public\wp-load.php:50
[12-Oct-2021 14:00:51 UTC] PHP   5. require_once() C:\Users\laraw\Local Sites\aodemo\app\public\wp-config.php:77
[12-Oct-2021 14:00:51 UTC] PHP   6. include_once() C:\Users\laraw\Local Sites\aodemo\app\public\wp-settings.php:409
[12-Oct-2021 14:00:51 UTC] PHP   7. array_slice() C:\Users\laraw\Local Sites\aodemo\app\public\wp-content\plugins\PhotoImportDemoPlugin\demo-plugin.php:32
[12-Oct-2021 14:00:51 UTC] PHP Warning:  Invalid argument supplied for foreach() in C:\Users\laraw\Local Sites\aodemo\app\public\wp-content\plugins\PhotoImportDemoPlugin\demo-plugin.php on line 38
[12-Oct-2021 14:00:51 UTC] PHP Stack trace:
[12-Oct-2021 14:00:51 UTC] PHP   1. {main}() C:\Users\laraw\Local Sites\aodemo\app\public\wp-admin\plugins.php:0
[12-Oct-2021 14:00:51 UTC] PHP   2. require_once() C:\Users\laraw\Local Sites\aodemo\app\public\wp-admin\plugins.php:10
[12-Oct-2021 14:00:51 UTC] PHP   3. require_once() C:\Users\laraw\Local Sites\aodemo\app\public\wp-admin\admin.php:34
[12-Oct-2021 14:00:51 UTC] PHP   4. require_once() C:\Users\laraw\Local Sites\aodemo\app\public\wp-load.php:50
[12-Oct-2021 14:00:51 UTC] PHP   5. require_once() C:\Users\laraw\Local Sites\aodemo\app\public\wp-config.php:77
[12-Oct-2021 14:00:51 UTC] PHP   6. include_once() C:\Users\laraw\Local Sites\aodemo\app\public\wp-settings.php:409
[12-Oct-2021 14:00:55 UTC] PHP Warning:  Cannot modify header information - headers already sent by (output started at C:\Users\laraw\Local Sites\aodemo\app\public\wp-content\plugins\PhotoImportDemoPlugin\demo-plugin.php:38) in C:\Users\laraw\Local Sites\aodemo\app\public\wp-includes\functions.php on line 6712
[12-Oct-2021 14:00:55 UTC] PHP Stack trace:
[12-Oct-2021 14:00:55 UTC] PHP   1. {main}() C:\Users\laraw\Local Sites\aodemo\app\public\wp-admin\plugins.php:0
[12-Oct-2021 14:00:55 UTC] PHP   2. require_once() C:\Users\laraw\Local Sites\aodemo\app\public\wp-admin\plugins.php:10
[12-Oct-2021 14:00:55 UTC] PHP   3. do_action() C:\Users\laraw\Local Sites\aodemo\app\public\wp-admin\admin.php:175
[12-Oct-2021 14:00:55 UTC] PHP   4. WP_Hook->do_action() C:\Users\laraw\Local Sites\aodemo\app\public\wp-includes\plugin.php:470
[12-Oct-2021 14:00:55 UTC] PHP   5. WP_Hook->apply_filters() C:\Users\laraw\Local Sites\aodemo\app\public\wp-includes\class-wp-hook.php:327
[12-Oct-2021 14:00:55 UTC] PHP   6. send_frame_options_header() C:\Users\laraw\Local Sites\aodemo\app\public\wp-includes\class-wp-hook.php:301
[12-Oct-2021 14:00:55 UTC] PHP   7. header() C:\Users\laraw\Local Sites\aodemo\app\public\wp-includes\functions.php:6712
[12-Oct-2021 14:00:55 UTC] PHP Warning:  Cannot modify header information - headers already sent by (output started at C:\Users\laraw\Local Sites\aodemo\app\public\wp-content\plugins\PhotoImportDemoPlugin\demo-plugin.php:38) in C:\Users\laraw\Local Sites\aodemo\app\public\wp-admin\includes\misc.php on line 1310
[12-Oct-2021 14:00:55 UTC] PHP Stack trace:
[12-Oct-2021 14:00:55 UTC] PHP   1. {main}() C:\Users\laraw\Local Sites\aodemo\app\public\wp-admin\plugins.php:0
[12-Oct-2021 14:00:55 UTC] PHP   2. require_once() C:\Users\laraw\Local Sites\aodemo\app\public\wp-admin\plugins.php:10
[12-Oct-2021 14:00:55 UTC] PHP   3. do_action() C:\Users\laraw\Local Sites\aodemo\app\public\wp-admin\admin.php:175
[12-Oct-2021 14:00:55 UTC] PHP   4. WP_Hook->do_action() C:\Users\laraw\Local Sites\aodemo\app\public\wp-includes\plugin.php:470
[12-Oct-2021 14:00:55 UTC] PHP   5. WP_Hook->apply_filters() C:\Users\laraw\Local Sites\aodemo\app\public\wp-includes\class-wp-hook.php:327
[12-Oct-2021 14:00:55 UTC] PHP   6. wp_admin_headers() C:\Users\laraw\Local Sites\aodemo\app\public\wp-includes\class-wp-hook.php:303
[12-Oct-2021 14:00:55 UTC] PHP   7. header() C:\Users\laraw\Local Sites\aodemo\app\public\wp-admin\includes\misc.php:1310
[12-Oct-2021 14:08:26 UTC] PHP Warning:  file_get_contents(http://localhost:50417/api/device): failed to open stream: No connection could be made because the target machine actively refused it.
 in C:\Users\laraw\Local Sites\aodemo\app\public\wp-content\plugins\PhotoImportDemoPlugin\demo-plugin.php on line 20
[12-Oct-2021 14:08:26 UTC] PHP Stack trace:
[12-Oct-2021 14:08:26 UTC] PHP   1. {main}() C:\Users\laraw\Local Sites\aodemo\app\public\wp-content\plugins\PhotoImportDemoPlugin\demo-plugin.php:0
[12-Oct-2021 14:08:26 UTC] PHP   2. file_get_contents() C:\Users\laraw\Local Sites\aodemo\app\public\wp-content\plugins\PhotoImportDemoPlugin\demo-plugin.php:20
[15-Oct-2021 11:22:32 UTC] PHP Fatal error:  Cannot redeclare mychildtheme_enqueue_styles() (previously declared in C:\Users\laraw\Local Sites\aodemo\app\public\wp-content\themes\twentytwentyone-childtheme-AO DEMO THEME\functions.php:2) in C:\Users\laraw\Local Sites\aodemo\app\public\wp-content\themes\twentytwentyone-childtheme-AO DEMO THEME\functions.php on line 12
[15-Oct-2021 11:22:32 UTC] PHP Stack trace:
[15-Oct-2021 11:22:32 UTC] PHP   1. {main}() C:\Users\laraw\Local Sites\aodemo\app\public\wp-admin\admin-ajax.php:0
[15-Oct-2021 11:22:32 UTC] PHP   2. require_once() C:\Users\laraw\Local Sites\aodemo\app\public\wp-admin\admin-ajax.php:22
[15-Oct-2021 11:22:32 UTC] PHP   3. require_once() C:\Users\laraw\Local Sites\aodemo\app\public\wp-load.php:50
[15-Oct-2021 11:22:32 UTC] PHP   4. require_once() C:\Users\laraw\Local Sites\aodemo\app\public\wp-config.php:77
[15-Oct-2021 11:22:34 UTC] PHP Fatal error:  Cannot redeclare mychildtheme_enqueue_styles() (previously declared in C:\Users\laraw\Local Sites\aodemo\app\public\wp-content\themes\twentytwentyone-childtheme-AO DEMO THEME\functions.php:2) in C:\Users\laraw\Local Sites\aodemo\app\public\wp-content\themes\twentytwentyone-childtheme-AO DEMO THEME\functions.php on line 12
[15-Oct-2021 11:22:34 UTC] PHP Stack trace:
[15-Oct-2021 11:22:34 UTC] PHP   1. {main}() C:\Users\laraw\Local Sites\aodemo\app\public\index.php:0
[15-Oct-2021 11:22:34 UTC] PHP   2. require() C:\Users\laraw\Local Sites\aodemo\app\public\index.php:17
[15-Oct-2021 11:22:34 UTC] PHP   3. require_once() C:\Users\laraw\Local Sites\aodemo\app\public\wp-blog-header.php:13
[15-Oct-2021 11:22:34 UTC] PHP   4. require_once() C:\Users\laraw\Local Sites\aodemo\app\public\wp-load.php:50
[15-Oct-2021 11:22:34 UTC] PHP   5. require_once() C:\Users\laraw\Local Sites\aodemo\app\public\wp-config.php:77
[15-Oct-2021 11:22:34 UTC] PHP Fatal error:  Cannot redeclare mychildtheme_enqueue_styles() (previously declared in C:\Users\laraw\Local Sites\aodemo\app\public\wp-content\themes\twentytwentyone-childtheme-AO DEMO THEME\functions.php:2) in C:\Users\laraw\Local Sites\aodemo\app\public\wp-content\themes\twentytwentyone-childtheme-AO DEMO THEME\functions.php on line 12
[15-Oct-2021 11:22:34 UTC] PHP Stack trace:
[15-Oct-2021 11:22:34 UTC] PHP   1. {main}() C:\Users\laraw\Local Sites\aodemo\app\public\index.php:0
[15-Oct-2021 11:22:34 UTC] PHP   2. require() C:\Users\laraw\Local Sites\aodemo\app\public\index.php:17
[15-Oct-2021 11:22:34 UTC] PHP   3. require_once() C:\Users\laraw\Local Sites\aodemo\app\public\wp-blog-header.php:13
[15-Oct-2021 11:22:34 UTC] PHP   4. require_once() C:\Users\laraw\Local Sites\aodemo\app\public\wp-load.php:50
[15-Oct-2021 11:22:34 UTC] PHP   5. require_once() C:\Users\laraw\Local Sites\aodemo\app\public\wp-config.php:77
[15-Oct-2021 12:33:20 UTC] PHP Fatal error:  Uncaught Error: Class 'Display_All_Courses' not found in C:\Users\laraw\Local Sites\open-lms-v12\app\public\wp-content\plugins\OpenLMS\open-lms.php:64
Stack trace:
#0 C:\Users\laraw\Local Sites\open-lms-v12\app\public\wp-settings.php(409): include_once()
#1 C:\Users\laraw\Local Sites\open-lms-v12\app\public\wp-config.php(77): require_once('C:\\Users\\laraw\\...')
#2 C:\Users\laraw\Local Sites\open-lms-v12\app\public\wp-load.php(50): require_once('C:\\Users\\laraw\\...')
#3 C:\Users\laraw\Local Sites\open-lms-v12\app\public\wp-admin\admin-ajax.php(22): require_once('C:\\Users\\laraw\\...')
#4 {main}
  thrown in C:\Users\laraw\Local Sites\open-lms-v12\app\public\wp-content\plugins\OpenLMS\open-lms.php on line 64
[15-Oct-2021 12:33:22 UTC] PHP Fatal error:  Uncaught Error: Class 'Display_All_Courses' not found in C:\Users\laraw\Local Sites\open-lms-v12\app\public\wp-content\plugins\OpenLMS\open-lms.php:64
Stack trace:
#0 C:\Users\laraw\Local Sites\open-lms-v12\app\public\wp-settings.php(409): include_once()
#1 C:\Users\laraw\Local Sites\open-lms-v12\app\public\wp-config.php(77): require_once('C:\\Users\\laraw\\...')
#2 C:\Users\laraw\Local Sites\open-lms-v12\app\public\wp-load.php(50): require_once('C:\\Users\\laraw\\...')
#3 C:\Users\laraw\Local Sites\open-lms-v12\app\public\wp-admin\admin.php(34): require_once('C:\\Users\\laraw\\...')
#4 C:\Users\laraw\Local Sites\open-lms-v12\app\public\wp-admin\edit.php(10): require_once('C:\\Users\\laraw\\...')
#5 {main}
  thrown in C:\Users\laraw\Local Sites\open-lms-v12\app\public\wp-content\plugins\OpenLMS\open-lms.php on line 64
[15-Oct-2021 12:33:22 UTC] PHP Fatal error:  Uncaught Error: Class 'Display_All_Courses' not found in C:\Users\laraw\Local Sites\open-lms-v12\app\public\wp-content\plugins\OpenLMS\open-lms.php:64
Stack trace:
#0 C:\Users\laraw\Local Sites\open-lms-v12\app\public\wp-settings.php(409): include_once()
#1 C:\Users\laraw\Local Sites\open-lms-v12\app\public\wp-config.php(77): require_once('C:\\Users\\laraw\\...')
#2 C:\Users\laraw\Local Sites\open-lms-v12\app\public\wp-load.php(50): require_once('C:\\Users\\laraw\\...')
#3 C:\Users\laraw\Local Sites\open-lms-v12\app\public\wp-blog-header.php(13): require_once('C:\\Users\\laraw\\...')
#4 C:\Users\laraw\Local Sites\open-lms-v12\app\public\index.php(17): require('C:\\Users\\laraw\\...')
#5 {main}
  thrown in C:\Users\laraw\Local Sites\open-lms-v12\app\public\wp-content\plugins\OpenLMS\open-lms.php on line 64
[15-Oct-2021 12:47:59 UTC] PHP Fatal error:  Cannot declare class WP_Widget_Recent_Posts, because the name is already in use in C:\Users\laraw\Local Sites\open-lms-v12\app\public\wp-includes\widgets\class-wp-widget-recent-posts.php on line 0
[15-Oct-2021 12:47:59 UTC] PHP Stack trace:
[15-Oct-2021 12:47:59 UTC] PHP   1. {main}() C:\Users\laraw\Local Sites\open-lms-v12\app\public\wp-admin\admin-ajax.php:0
[15-Oct-2021 12:47:59 UTC] PHP   2. require_once() C:\Users\laraw\Local Sites\open-lms-v12\app\public\wp-admin\admin-ajax.php:22
[15-Oct-2021 12:47:59 UTC] PHP   3. require_once() C:\Users\laraw\Local Sites\open-lms-v12\app\public\wp-load.php:50
[15-Oct-2021 12:47:59 UTC] PHP   4. require_once() C:\Users\laraw\Local Sites\open-lms-v12\app\public\wp-config.php:77
[15-Oct-2021 12:47:59 UTC] PHP   5. do_action() C:\Users\laraw\Local Sites\open-lms-v12\app\public\wp-settings.php:441
[15-Oct-2021 12:47:59 UTC] PHP   6. WP_Hook->do_action() C:\Users\laraw\Local Sites\open-lms-v12\app\public\wp-includes\plugin.php:470
[15-Oct-2021 12:47:59 UTC] PHP   7. WP_Hook->apply_filters() C:\Users\laraw\Local Sites\open-lms-v12\app\public\wp-includes\class-wp-hook.php:327
[15-Oct-2021 12:47:59 UTC] PHP   8. wp_maybe_load_widgets() C:\Users\laraw\Local Sites\open-lms-v12\app\public\wp-includes\class-wp-hook.php:303
[15-Oct-2021 12:47:59 UTC] PHP   9. require_once() C:\Users\laraw\Local Sites\open-lms-v12\app\public\wp-includes\functions.php:5074
[15-Oct-2021 12:49:00 UTC] PHP Fatal error:  Cannot declare class WP_Widget_Recent_Posts, because the name is already in use in C:\Users\laraw\Local Sites\open-lms-v12\app\public\wp-includes\widgets\class-wp-widget-recent-posts.php on line 0
[15-Oct-2021 12:49:00 UTC] PHP Stack trace:
[15-Oct-2021 12:49:00 UTC] PHP   1. {main}() C:\Users\laraw\Local Sites\open-lms-v12\app\public\wp-admin\admin-ajax.php:0
[15-Oct-2021 12:49:00 UTC] PHP   2. require_once() C:\Users\laraw\Local Sites\open-lms-v12\app\public\wp-admin\admin-ajax.php:22
[15-Oct-2021 12:49:00 UTC] PHP   3. require_once() C:\Users\laraw\Local Sites\open-lms-v12\app\public\wp-load.php:50
[15-Oct-2021 12:49:00 UTC] PHP   4. require_once() C:\Users\laraw\Local Sites\open-lms-v12\app\public\wp-config.php:77
[15-Oct-2021 12:49:00 UTC] PHP   5. do_action() C:\Users\laraw\Local Sites\open-lms-v12\app\public\wp-settings.php:441
[15-Oct-2021 12:49:00 UTC] PHP   6. WP_Hook->do_action() C:\Users\laraw\Local Sites\open-lms-v12\app\public\wp-includes\plugin.php:470
[15-Oct-2021 12:49:00 UTC] PHP   7. WP_Hook->apply_filters() C:\Users\laraw\Local Sites\open-lms-v12\app\public\wp-includes\class-wp-hook.php:327
[15-Oct-2021 12:49:00 UTC] PHP   8. wp_maybe_load_widgets() C:\Users\laraw\Local Sites\open-lms-v12\app\public\wp-includes\class-wp-hook.php:303
[15-Oct-2021 12:49:00 UTC] PHP   9. require_once() C:\Users\laraw\Local Sites\open-lms-v12\app\public\wp-includes\functions.php:5074
[15-Oct-2021 12:49:01 UTC] PHP Fatal error:  Cannot declare class WP_Widget_Recent_Posts, because the name is already in use in C:\Users\laraw\Local Sites\open-lms-v12\app\public\wp-includes\widgets\class-wp-widget-recent-posts.php on line 0
[15-Oct-2021 12:49:01 UTC] PHP Stack trace:
[15-Oct-2021 12:49:01 UTC] PHP   1. {main}() C:\Users\laraw\Local Sites\open-lms-v12\app\public\wp-admin\index.php:0
[15-Oct-2021 12:49:01 UTC] PHP   2. require_once() C:\Users\laraw\Local Sites\open-lms-v12\app\public\wp-admin\index.php:10
[15-Oct-2021 12:49:01 UTC] PHP   3. require_once() C:\Users\laraw\Local Sites\open-lms-v12\app\public\wp-admin\admin.php:34
[15-Oct-2021 12:49:01 UTC] PHP   4. require_once() C:\Users\laraw\Local Sites\open-lms-v12\app\public\wp-load.php:50
[15-Oct-2021 12:49:01 UTC] PHP   5. require_once() C:\Users\laraw\Local Sites\open-lms-v12\app\public\wp-config.php:77
[15-Oct-2021 12:49:01 UTC] PHP   6. do_action() C:\Users\laraw\Local Sites\open-lms-v12\app\public\wp-settings.php:441
[15-Oct-2021 12:49:01 UTC] PHP   7. WP_Hook->do_action() C:\Users\laraw\Local Sites\open-lms-v12\app\public\wp-includes\plugin.php:470
[15-Oct-2021 12:49:01 UTC] PHP   8. WP_Hook->apply_filters() C:\Users\laraw\Local Sites\open-lms-v12\app\public\wp-includes\class-wp-hook.php:327
[15-Oct-2021 12:49:01 UTC] PHP   9. wp_maybe_load_widgets() C:\Users\laraw\Local Sites\open-lms-v12\app\public\wp-includes\class-wp-hook.php:303
[15-Oct-2021 12:49:01 UTC] PHP  10. require_once() C:\Users\laraw\Local Sites\open-lms-v12\app\public\wp-includes\functions.php:5074
[15-Oct-2021 12:49:01 UTC] PHP Fatal error:  Cannot declare class WP_Widget_Recent_Posts, because the name is already in use in C:\Users\laraw\Local Sites\open-lms-v12\app\public\wp-includes\widgets\class-wp-widget-recent-posts.php on line 0
[15-Oct-2021 12:49:01 UTC] PHP Stack trace:
[15-Oct-2021 12:49:01 UTC] PHP   1. {main}() C:\Users\laraw\Local Sites\open-lms-v12\app\public\index.php:0
[15-Oct-2021 12:49:01 UTC] PHP   2. require() C:\Users\laraw\Local Sites\open-lms-v12\app\public\index.php:17
[15-Oct-2021 12:49:01 UTC] PHP   3. require_once() C:\Users\laraw\Local Sites\open-lms-v12\app\public\wp-blog-header.php:13
[15-Oct-2021 12:49:01 UTC] PHP   4. require_once() C:\Users\laraw\Local Sites\open-lms-v12\app\public\wp-load.php:50
[15-Oct-2021 12:49:01 UTC] PHP   5. require_once() C:\Users\laraw\Local Sites\open-lms-v12\app\public\wp-config.php:77
[15-Oct-2021 12:49:01 UTC] PHP   6. do_action() C:\Users\laraw\Local Sites\open-lms-v12\app\public\wp-settings.php:441
[15-Oct-2021 12:49:01 UTC] PHP   7. WP_Hook->do_action() C:\Users\laraw\Local Sites\open-lms-v12\app\public\wp-includes\plugin.php:470
[15-Oct-2021 12:49:01 UTC] PHP   8. WP_Hook->apply_filters() C:\Users\laraw\Local Sites\open-lms-v12\app\public\wp-includes\class-wp-hook.php:327
[15-Oct-2021 12:49:01 UTC] PHP   9. wp_maybe_load_widgets() C:\Users\laraw\Local Sites\open-lms-v12\app\public\wp-includes\class-wp-hook.php:303
[15-Oct-2021 12:49:01 UTC] PHP  10. require_once() C:\Users\laraw\Local Sites\open-lms-v12\app\public\wp-includes\functions.php:5074
[15-Oct-2021 12:49:53 UTC] PHP Fatal error:  Cannot declare class WP_Widget_Recent_Posts, because the name is already in use in C:\Users\laraw\Local Sites\open-lms-v12\app\public\wp-includes\widgets\class-wp-widget-recent-posts.php on line 0
[15-Oct-2021 12:49:53 UTC] PHP Stack trace:
[15-Oct-2021 12:49:53 UTC] PHP   1. {main}() C:\Users\laraw\Local Sites\open-lms-v12\app\public\wp-admin\index.php:0
[15-Oct-2021 12:49:53 UTC] PHP   2. require_once() C:\Users\laraw\Local Sites\open-lms-v12\app\public\wp-admin\index.php:10
[15-Oct-2021 12:49:53 UTC] PHP   3. require_once() C:\Users\laraw\Local Sites\open-lms-v12\app\public\wp-admin\admin.php:34
[15-Oct-2021 12:49:53 UTC] PHP   4. require_once() C:\Users\laraw\Local Sites\open-lms-v12\app\public\wp-load.php:50
[15-Oct-2021 12:49:53 UTC] PHP   5. require_once() C:\Users\laraw\Local Sites\open-lms-v12\app\public\wp-config.php:77
[15-Oct-2021 12:49:53 UTC] PHP   6. do_action() C:\Users\laraw\Local Sites\open-lms-v12\app\public\wp-settings.php:441
[15-Oct-2021 12:49:53 UTC] PHP   7. WP_Hook->do_action() C:\Users\laraw\Local Sites\open-lms-v12\app\public\wp-includes\plugin.php:470
[15-Oct-2021 12:49:53 UTC] PHP   8. WP_Hook->apply_filters() C:\Users\laraw\Local Sites\open-lms-v12\app\public\wp-includes\class-wp-hook.php:327
[15-Oct-2021 12:49:53 UTC] PHP   9. wp_maybe_load_widgets() C:\Users\laraw\Local Sites\open-lms-v12\app\public\wp-includes\class-wp-hook.php:303
[15-Oct-2021 12:49:53 UTC] PHP  10. require_once() C:\Users\laraw\Local Sites\open-lms-v12\app\public\wp-includes\functions.php:5074
[15-Oct-2021 12:49:53 UTC] PHP Fatal error:  Cannot declare class WP_Widget_Recent_Posts, because the name is already in use in C:\Users\laraw\Local Sites\open-lms-v12\app\public\wp-includes\widgets\class-wp-widget-recent-posts.php on line 0
[15-Oct-2021 12:49:53 UTC] PHP Stack trace:
[15-Oct-2021 12:49:53 UTC] PHP   1. {main}() C:\Users\laraw\Local Sites\open-lms-v12\app\public\index.php:0
[15-Oct-2021 12:49:53 UTC] PHP   2. require() C:\Users\laraw\Local Sites\open-lms-v12\app\public\index.php:17
[15-Oct-2021 12:49:53 UTC] PHP   3. require_once() C:\Users\laraw\Local Sites\open-lms-v12\app\public\wp-blog-header.php:13
[15-Oct-2021 12:49:53 UTC] PHP   4. require_once() C:\Users\laraw\Local Sites\open-lms-v12\app\public\wp-load.php:50
[15-Oct-2021 12:49:53 UTC] PHP   5. require_once() C:\Users\laraw\Local Sites\open-lms-v12\app\public\wp-config.php:77
[15-Oct-2021 12:49:53 UTC] PHP   6. do_action() C:\Users\laraw\Local Sites\open-lms-v12\app\public\wp-settings.php:441
[15-Oct-2021 12:49:53 UTC] PHP   7. WP_Hook->do_action() C:\Users\laraw\Local Sites\open-lms-v12\app\public\wp-includes\plugin.php:470
[15-Oct-2021 12:49:53 UTC] PHP   8. WP_Hook->apply_filters() C:\Users\laraw\Local Sites\open-lms-v12\app\public\wp-includes\class-wp-hook.php:327
[15-Oct-2021 12:49:53 UTC] PHP   9. wp_maybe_load_widgets() C:\Users\laraw\Local Sites\open-lms-v12\app\public\wp-includes\class-wp-hook.php:303
[15-Oct-2021 12:49:53 UTC] PHP  10. require_once() C:\Users\laraw\Local Sites\open-lms-v12\app\public\wp-includes\functions.php:5074
[15-Oct-2021 13:08:21 UTC] PHP Fatal error:  Uncaught Error: Class 'WP_Display_All_Courses' not found in C:\Users\laraw\Local Sites\open-lms-v12\app\public\wp-includes\class-wp-widget-factory.php:61
Stack trace:
#0 C:\Users\laraw\Local Sites\open-lms-v12\app\public\wp-includes\widgets.php(115): WP_Widget_Factory->register('WP_Display_All_...')
#1 C:\Users\laraw\Local Sites\open-lms-v12\app\public\wp-includes\widgets.php(1804): register_widget('WP_Display_All_...')
#2 C:\Users\laraw\Local Sites\open-lms-v12\app\public\wp-includes\class-wp-hook.php(303): wp_widgets_init('')
#3 C:\Users\laraw\Local Sites\open-lms-v12\app\public\wp-includes\class-wp-hook.php(327): WP_Hook->apply_filters(NULL, Array)
#4 C:\Users\laraw\Local Sites\open-lms-v12\app\public\wp-includes\plugin.php(470): WP_Hook->do_action(Array)
#5 C:\Users\laraw\Local Sites\open-lms-v12\app\public\wp-settings.php(578): do_action('init')
#6 C:\Users\laraw\Local Sites\open-lms-v12\app\public\wp-config.php(77): require_once('C:\\Users\\laraw\\...')
#7 C:\Users\laraw\Local Sites\open-lms-v12\app\pub in C:\Users\laraw\Local Sites\open-lms-v12\app\public\wp-includes\class-wp-widget-factory.php on line 61
[15-Oct-2021 13:08:22 UTC] PHP Fatal error:  Uncaught Error: Class 'WP_Display_All_Courses' not found in C:\Users\laraw\Local Sites\open-lms-v12\app\public\wp-includes\class-wp-widget-factory.php:61
Stack trace:
#0 C:\Users\laraw\Local Sites\open-lms-v12\app\public\wp-includes\widgets.php(115): WP_Widget_Factory->register('WP_Display_All_...')
#1 C:\Users\laraw\Local Sites\open-lms-v12\app\public\wp-includes\widgets.php(1804): register_widget('WP_Display_All_...')
#2 C:\Users\laraw\Local Sites\open-lms-v12\app\public\wp-includes\class-wp-hook.php(303): wp_widgets_init('')
#3 C:\Users\laraw\Local Sites\open-lms-v12\app\public\wp-includes\class-wp-hook.php(327): WP_Hook->apply_filters(NULL, Array)
#4 C:\Users\laraw\Local Sites\open-lms-v12\app\public\wp-includes\plugin.php(470): WP_Hook->do_action(Array)
#5 C:\Users\laraw\Local Sites\open-lms-v12\app\public\wp-settings.php(578): do_action('init')
#6 C:\Users\laraw\Local Sites\open-lms-v12\app\public\wp-config.php(77): require_once('C:\\Users\\laraw\\...')
#7 C:\Users\laraw\Local Sites\open-lms-v12\app\pub in C:\Users\laraw\Local Sites\open-lms-v12\app\public\wp-includes\class-wp-widget-factory.php on line 61
[15-Oct-2021 13:08:22 UTC] PHP Fatal error:  Uncaught Error: Class 'WP_Display_All_Courses' not found in C:\Users\laraw\Local Sites\open-lms-v12\app\public\wp-includes\class-wp-widget-factory.php:61
Stack trace:
#0 C:\Users\laraw\Local Sites\open-lms-v12\app\public\wp-includes\widgets.php(115): WP_Widget_Factory->register('WP_Display_All_...')
#1 C:\Users\laraw\Local Sites\open-lms-v12\app\public\wp-includes\widgets.php(1804): register_widget('WP_Display_All_...')
#2 C:\Users\laraw\Local Sites\open-lms-v12\app\public\wp-includes\class-wp-hook.php(303): wp_widgets_init('')
#3 C:\Users\laraw\Local Sites\open-lms-v12\app\public\wp-includes\class-wp-hook.php(327): WP_Hook->apply_filters(NULL, Array)
#4 C:\Users\laraw\Local Sites\open-lms-v12\app\public\wp-includes\plugin.php(470): WP_Hook->do_action(Array)
#5 C:\Users\laraw\Local Sites\open-lms-v12\app\public\wp-settings.php(578): do_action('init')
#6 C:\Users\laraw\Local Sites\open-lms-v12\app\public\wp-config.php(77): require_once('C:\\Users\\laraw\\...')
#7 C:\Users\laraw\Local Sites\open-lms-v12\app\pub in C:\Users\laraw\Local Sites\open-lms-v12\app\public\wp-includes\class-wp-widget-factory.php on line 61
[15-Oct-2021 13:08:23 UTC] PHP Fatal error:  Uncaught Error: Class 'WP_Display_All_Courses' not found in C:\Users\laraw\Local Sites\open-lms-v12\app\public\wp-includes\class-wp-widget-factory.php:61
Stack trace:
#0 C:\Users\laraw\Local Sites\open-lms-v12\app\public\wp-includes\widgets.php(115): WP_Widget_Factory->register('WP_Display_All_...')
#1 C:\Users\laraw\Local Sites\open-lms-v12\app\public\wp-includes\widgets.php(1804): register_widget('WP_Display_All_...')
#2 C:\Users\laraw\Local Sites\open-lms-v12\app\public\wp-includes\class-wp-hook.php(303): wp_widgets_init('')
#3 C:\Users\laraw\Local Sites\open-lms-v12\app\public\wp-includes\class-wp-hook.php(327): WP_Hook->apply_filters(NULL, Array)
#4 C:\Users\laraw\Local Sites\open-lms-v12\app\public\wp-includes\plugin.php(470): WP_Hook->do_action(Array)
#5 C:\Users\laraw\Local Sites\open-lms-v12\app\public\wp-settings.php(578): do_action('init')
#6 C:\Users\laraw\Local Sites\open-lms-v12\app\public\wp-config.php(77): require_once('C:\\Users\\laraw\\...')
#7 C:\Users\laraw\Local Sites\open-lms-v12\app\pub in C:\Users\laraw\Local Sites\open-lms-v12\app\public\wp-includes\class-wp-widget-factory.php on line 61
[15-Oct-2021 13:09:06 UTC] PHP Fatal error:  Uncaught Error: Class 'WP_Display_All_Courses' not found in C:\Users\laraw\Local Sites\open-lms-v12\app\public\wp-includes\class-wp-widget-factory.php:61
Stack trace:
#0 C:\Users\laraw\Local Sites\open-lms-v12\app\public\wp-includes\widgets.php(115): WP_Widget_Factory->register('WP_Display_All_...')
#1 C:\Users\laraw\Local Sites\open-lms-v12\app\public\wp-includes\widgets.php(1804): register_widget('WP_Display_All_...')
#2 C:\Users\laraw\Local Sites\open-lms-v12\app\public\wp-includes\class-wp-hook.php(303): wp_widgets_init('')
#3 C:\Users\laraw\Local Sites\open-lms-v12\app\public\wp-includes\class-wp-hook.php(327): WP_Hook->apply_filters(NULL, Array)
#4 C:\Users\laraw\Local Sites\open-lms-v12\app\public\wp-includes\plugin.php(470): WP_Hook->do_action(Array)
#5 C:\Users\laraw\Local Sites\open-lms-v12\app\public\wp-settings.php(578): do_action('init')
#6 C:\Users\laraw\Local Sites\open-lms-v12\app\public\wp-config.php(77): require_once('C:\\Users\\laraw\\...')
#7 C:\Users\laraw\Local Sites\open-lms-v12\app\pub in C:\Users\laraw\Local Sites\open-lms-v12\app\public\wp-includes\class-wp-widget-factory.php on line 61
[15-Oct-2021 13:09:31 UTC] PHP Fatal error:  Uncaught Error: Class 'WP_Display_All_Courses' not found in C:\Users\laraw\Local Sites\open-lms-v12\app\public\wp-includes\class-wp-widget-factory.php:61
Stack trace:
#0 C:\Users\laraw\Local Sites\open-lms-v12\app\public\wp-includes\widgets.php(115): WP_Widget_Factory->register('WP_Display_All_...')
#1 C:\Users\laraw\Local Sites\open-lms-v12\app\public\wp-includes\widgets.php(1804): register_widget('WP_Display_All_...')
#2 C:\Users\laraw\Local Sites\open-lms-v12\app\public\wp-includes\class-wp-hook.php(303): wp_widgets_init('')
#3 C:\Users\laraw\Local Sites\open-lms-v12\app\public\wp-includes\class-wp-hook.php(327): WP_Hook->apply_filters(NULL, Array)
#4 C:\Users\laraw\Local Sites\open-lms-v12\app\public\wp-includes\plugin.php(470): WP_Hook->do_action(Array)
#5 C:\Users\laraw\Local Sites\open-lms-v12\app\public\wp-settings.php(578): do_action('init')
#6 C:\Users\laraw\Local Sites\open-lms-v12\app\public\wp-config.php(77): require_once('C:\\Users\\laraw\\...')
#7 C:\Users\laraw\Local Sites\open-lms-v12\app\pub in C:\Users\laraw\Local Sites\open-lms-v12\app\public\wp-includes\class-wp-widget-factory.php on line 61
[15-Oct-2021 13:10:28 UTC] PHP Fatal error:  Uncaught Error: Class 'WP__Widget_Display_All_Courses' not found in C:\Users\laraw\Local Sites\open-lms-v12\app\public\wp-includes\class-wp-widget-factory.php:61
Stack trace:
#0 C:\Users\laraw\Local Sites\open-lms-v12\app\public\wp-includes\widgets.php(115): WP_Widget_Factory->register('WP__Widget_Disp...')
#1 C:\Users\laraw\Local Sites\open-lms-v12\app\public\wp-includes\widgets.php(1812): register_widget('WP__Widget_Disp...')
#2 C:\Users\laraw\Local Sites\open-lms-v12\app\public\wp-includes\class-wp-hook.php(303): wp_widgets_init('')
#3 C:\Users\laraw\Local Sites\open-lms-v12\app\public\wp-includes\class-wp-hook.php(327): WP_Hook->apply_filters(NULL, Array)
#4 C:\Users\laraw\Local Sites\open-lms-v12\app\public\wp-includes\plugin.php(470): WP_Hook->do_action(Array)
#5 C:\Users\laraw\Local Sites\open-lms-v12\app\public\wp-settings.php(578): do_action('init')
#6 C:\Users\laraw\Local Sites\open-lms-v12\app\public\wp-config.php(77): require_once('C:\\Users\\laraw\\...')
#7 C:\Users\laraw\Local Sites\open-lms-v12 in C:\Users\laraw\Local Sites\open-lms-v12\app\public\wp-includes\class-wp-widget-factory.php on line 61
[15-Oct-2021 13:10:28 UTC] PHP Fatal error:  Uncaught Error: Class 'WP__Widget_Display_All_Courses' not found in C:\Users\laraw\Local Sites\open-lms-v12\app\public\wp-includes\class-wp-widget-factory.php:61
Stack trace:
#0 C:\Users\laraw\Local Sites\open-lms-v12\app\public\wp-includes\widgets.php(115): WP_Widget_Factory->register('WP__Widget_Disp...')
#1 C:\Users\laraw\Local Sites\open-lms-v12\app\public\wp-includes\widgets.php(1812): register_widget('WP__Widget_Disp...')
#2 C:\Users\laraw\Local Sites\open-lms-v12\app\public\wp-includes\class-wp-hook.php(303): wp_widgets_init('')
#3 C:\Users\laraw\Local Sites\open-lms-v12\app\public\wp-includes\class-wp-hook.php(327): WP_Hook->apply_filters(NULL, Array)
#4 C:\Users\laraw\Local Sites\open-lms-v12\app\public\wp-includes\plugin.php(470): WP_Hook->do_action(Array)
#5 C:\Users\laraw\Local Sites\open-lms-v12\app\public\wp-settings.php(578): do_action('init')
#6 C:\Users\laraw\Local Sites\open-lms-v12\app\public\wp-config.php(77): require_once('C:\\Users\\laraw\\...')
#7 C:\Users\laraw\Local Sites\open-lms-v12 in C:\Users\laraw\Local Sites\open-lms-v12\app\public\wp-includes\class-wp-widget-factory.php on line 61
[15-Oct-2021 13:11:07 UTC] PHP Fatal error:  Uncaught Error: Class 'WP__Widget_Display_All_Courses' not found in C:\Users\laraw\Local Sites\open-lms-v12\app\public\wp-includes\class-wp-widget-factory.php:61
Stack trace:
#0 C:\Users\laraw\Local Sites\open-lms-v12\app\public\wp-includes\widgets.php(115): WP_Widget_Factory->register('WP__Widget_Disp...')
#1 C:\Users\laraw\Local Sites\open-lms-v12\app\public\wp-includes\widgets.php(1812): register_widget('WP__Widget_Disp...')
#2 C:\Users\laraw\Local Sites\open-lms-v12\app\public\wp-includes\class-wp-hook.php(303): wp_widgets_init('')
#3 C:\Users\laraw\Local Sites\open-lms-v12\app\public\wp-includes\class-wp-hook.php(327): WP_Hook->apply_filters(NULL, Array)
#4 C:\Users\laraw\Local Sites\open-lms-v12\app\public\wp-includes\plugin.php(470): WP_Hook->do_action(Array)
#5 C:\Users\laraw\Local Sites\open-lms-v12\app\public\wp-settings.php(578): do_action('init')
#6 C:\Users\laraw\Local Sites\open-lms-v12\app\public\wp-config.php(77): require_once('C:\\Users\\laraw\\...')
#7 C:\Users\laraw\Local Sites\open-lms-v12 in C:\Users\laraw\Local Sites\open-lms-v12\app\public\wp-includes\class-wp-widget-factory.php on line 61
[15-Oct-2021 13:11:11 UTC] PHP Fatal error:  Uncaught Error: Class 'WP__Widget_Display_All_Courses' not found in C:\Users\laraw\Local Sites\open-lms-v12\app\public\wp-includes\class-wp-widget-factory.php:61
Stack trace:
#0 C:\Users\laraw\Local Sites\open-lms-v12\app\public\wp-includes\widgets.php(115): WP_Widget_Factory->register('WP__Widget_Disp...')
#1 C:\Users\laraw\Local Sites\open-lms-v12\app\public\wp-includes\widgets.php(1812): register_widget('WP__Widget_Disp...')
#2 C:\Users\laraw\Local Sites\open-lms-v12\app\public\wp-includes\class-wp-hook.php(303): wp_widgets_init('')
#3 C:\Users\laraw\Local Sites\open-lms-v12\app\public\wp-includes\class-wp-hook.php(327): WP_Hook->apply_filters(NULL, Array)
#4 C:\Users\laraw\Local Sites\open-lms-v12\app\public\wp-includes\plugin.php(470): WP_Hook->do_action(Array)
#5 C:\Users\laraw\Local Sites\open-lms-v12\app\public\wp-settings.php(578): do_action('init')
#6 C:\Users\laraw\Local Sites\open-lms-v12\app\public\wp-config.php(77): require_once('C:\\Users\\laraw\\...')
#7 C:\Users\laraw\Local Sites\open-lms-v12 in C:\Users\laraw\Local Sites\open-lms-v12\app\public\wp-includes\class-wp-widget-factory.php on line 61
[15-Oct-2021 13:11:11 UTC] PHP Fatal error:  Uncaught Error: Class 'WP__Widget_Display_All_Courses' not found in C:\Users\laraw\Local Sites\open-lms-v12\app\public\wp-includes\class-wp-widget-factory.php:61
Stack trace:
#0 C:\Users\laraw\Local Sites\open-lms-v12\app\public\wp-includes\widgets.php(115): WP_Widget_Factory->register('WP__Widget_Disp...')
#1 C:\Users\laraw\Local Sites\open-lms-v12\app\public\wp-includes\widgets.php(1812): register_widget('WP__Widget_Disp...')
#2 C:\Users\laraw\Local Sites\open-lms-v12\app\public\wp-includes\class-wp-hook.php(303): wp_widgets_init('')
#3 C:\Users\laraw\Local Sites\open-lms-v12\app\public\wp-includes\class-wp-hook.php(327): WP_Hook->apply_filters(NULL, Array)
#4 C:\Users\laraw\Local Sites\open-lms-v12\app\public\wp-includes\plugin.php(470): WP_Hook->do_action(Array)
#5 C:\Users\laraw\Local Sites\open-lms-v12\app\public\wp-settings.php(578): do_action('init')
#6 C:\Users\laraw\Local Sites\open-lms-v12\app\public\wp-config.php(77): require_once('C:\\Users\\laraw\\...')
#7 C:\Users\laraw\Local Sites\open-lms-v12 in C:\Users\laraw\Local Sites\open-lms-v12\app\public\wp-includes\class-wp-widget-factory.php on line 61
[15-Oct-2021 13:13:20 UTC] PHP Fatal error:  Cannot declare class wpb_widget, because the name is already in use in C:\Users\laraw\Local Sites\open-lms-v12\app\public\wp-content\plugins\OpenLMS\open-lms.php on line 0
[15-Oct-2021 13:13:20 UTC] PHP Fatal error:  Cannot declare class wpb_widget, because the name is already in use in C:\Users\laraw\Local Sites\open-lms-v12\app\public\wp-content\plugins\OpenLMS\open-lms.php on line 0
[15-Oct-2021 13:13:20 UTC] PHP Stack trace:
[15-Oct-2021 13:13:20 UTC] PHP Stack trace:
[15-Oct-2021 13:13:20 UTC] PHP   1. {main}() C:\Users\laraw\Local Sites\open-lms-v12\app\public\wp-admin\admin-ajax.php:0
[15-Oct-2021 13:13:20 UTC] PHP   1. {main}() C:\Users\laraw\Local Sites\open-lms-v12\app\public\wp-admin\post.php:0
[15-Oct-2021 13:13:20 UTC] PHP   2. require_once() C:\Users\laraw\Local Sites\open-lms-v12\app\public\wp-admin\admin-ajax.php:22
[15-Oct-2021 13:13:20 UTC] PHP   2. require_once() C:\Users\laraw\Local Sites\open-lms-v12\app\public\wp-admin\post.php:12
[15-Oct-2021 13:13:20 UTC] PHP   3. require_once() C:\Users\laraw\Local Sites\open-lms-v12\app\public\wp-load.php:50
[15-Oct-2021 13:13:20 UTC] PHP   3. require_once() C:\Users\laraw\Local Sites\open-lms-v12\app\public\wp-admin\admin.php:34
[15-Oct-2021 13:13:20 UTC] PHP   4. require_once() C:\Users\laraw\Local Sites\open-lms-v12\app\public\wp-config.php:77
[15-Oct-2021 13:13:20 UTC] PHP   4. require_once() C:\Users\laraw\Local Sites\open-lms-v12\app\public\wp-load.php:50
[15-Oct-2021 13:13:20 UTC] PHP   5. require_once() C:\Users\laraw\Local Sites\open-lms-v12\app\public\wp-config.php:77
[15-Oct-2021 13:13:20 UTC] PHP Fatal error:  Cannot declare class wpb_widget, because the name is already in use in C:\Users\laraw\Local Sites\open-lms-v12\app\public\wp-content\plugins\OpenLMS\open-lms.php on line 0
[15-Oct-2021 13:13:20 UTC] PHP Stack trace:
[15-Oct-2021 13:13:20 UTC] PHP   1. {main}() C:\Users\laraw\Local Sites\open-lms-v12\app\public\index.php:0
[15-Oct-2021 13:13:20 UTC] PHP   2. require() C:\Users\laraw\Local Sites\open-lms-v12\app\public\index.php:17
[15-Oct-2021 13:13:20 UTC] PHP   3. require_once() C:\Users\laraw\Local Sites\open-lms-v12\app\public\wp-blog-header.php:13
[15-Oct-2021 13:13:20 UTC] PHP   4. require_once() C:\Users\laraw\Local Sites\open-lms-v12\app\public\wp-load.php:50
[15-Oct-2021 13:13:20 UTC] PHP   5. require_once() C:\Users\laraw\Local Sites\open-lms-v12\app\public\wp-config.php:77
[15-Oct-2021 13:14:09 UTC] PHP Fatal error:  Cannot declare class wpb_widget, because the name is already in use in C:\Users\laraw\Local Sites\open-lms-v12\app\public\wp-content\plugins\OpenLMS\open-lms.php on line 0
[15-Oct-2021 13:14:09 UTC] PHP Stack trace:
[15-Oct-2021 13:14:09 UTC] PHP   1. {main}() C:\Users\laraw\Local Sites\open-lms-v12\app\public\wp-admin\admin-ajax.php:0
[15-Oct-2021 13:14:09 UTC] PHP   2. require_once() C:\Users\laraw\Local Sites\open-lms-v12\app\public\wp-admin\admin-ajax.php:22
[15-Oct-2021 13:14:09 UTC] PHP   3. require_once() C:\Users\laraw\Local Sites\open-lms-v12\app\public\wp-load.php:50
[15-Oct-2021 13:14:09 UTC] PHP   4. require_once() C:\Users\laraw\Local Sites\open-lms-v12\app\public\wp-config.php:77
